[Licensing::Module] Trying to connect to existing licensing client channel...
Built from '6000.2/respin/6000.2.6f2-cc51a95c03' branch; Version is '6000.2.6f2 (4a4dcaec6541) revision 4869578'; Using compiler version '194234433'; Build Type 'Release'
[Licensing::IpcConnector] Successfully connected to: "LicenseClient-mabdu" at "2026-01-15T11:12:54.1903371Z"
OS: 'Windows 11  (10.0.26200) 64bit Core' Language: 'en' Physical Memory: 11995 MB
BatchMode: 1, IsHumanControllingUs: 0, StartBugReporterOnCrash: 0, Is64bit: 1
Date: 2026-01-15T11:12:54Z

COMMAND LINE ARGUMENTS:
C:\Users\mabdu\Software\Unity\UnityVersions\6000.2.6f2\Editor\Unity.exe
-adb2
-batchMode
-noUpm
-name
AssetImportWorker5
-projectPath
C:/Users/mabdu/Software/GitHub-Repos/Dialogue_Creator_Unity_Package
-logFile
Logs/AssetImportWorker5.log
-srvPort
59494
-licensingIpc
LicenseClient-mabdu
-job-worker-count
5
-background-job-worker-count
8
-gc-helper-count
1
-name
AssetImport
Successfully changed project path to: C:/Users/mabdu/Software/GitHub-Repos/Dialogue_Creator_Unity_Package
C:/Users/mabdu/Software/GitHub-Repos/Dialogue_Creator_Unity_Package
[UnityMemory] Configuration Parameters - Can be set up in boot.config
    "memorysetup-allocator-temp-initial-block-size-main=262144"
    "memorysetup-allocator-temp-initial-block-size-worker=262144"
    "memorysetup-bucket-allocator-granularity=16"
    "memorysetup-bucket-allocator-bucket-count=8"
    "memorysetup-bucket-allocator-block-size=33554432"
    "memorysetup-bucket-allocator-block-count=8"
    "memorysetup-main-allocator-block-size=16777216"
    "memorysetup-thread-allocator-block-size=16777216"
    "memorysetup-gfx-main-allocator-block-size=16777216"
    "memorysetup-gfx-thread-allocator-block-size=16777216"
    "memorysetup-cache-allocator-block-size=4194304"
    "memorysetup-typetree-allocator-block-size=2097152"
    "memorysetup-profiler-bucket-allocator-granularity=16"
    "memorysetup-profiler-bucket-allocator-bucket-count=8"
    "memorysetup-profiler-bucket-allocator-block-size=33554432"
    "memorysetup-profiler-bucket-allocator-block-count=8"
    "memorysetup-profiler-allocator-block-size=16777216"
    "memorysetup-profiler-editor-allocator-block-size=1048576"
    "memorysetup-temp-allocator-size-main=16777216"
    "memorysetup-job-temp-allocator-block-size=2097152"
    "memorysetup-job-temp-allocator-block-size-background=1048576"
    "memorysetup-job-temp-allocator-reduction-small-platforms=262144"
    "memorysetup-temp-allocator-size-background-worker=32768"
    "memorysetup-temp-allocator-size-job-worker=262144"
    "memorysetup-temp-allocator-size-preload-manager=33554432"
    "memorysetup-temp-allocator-size-nav-mesh-worker=65536"
    "memorysetup-temp-allocator-size-audio-worker=65536"
    "memorysetup-temp-allocator-size-cloud-worker=32768"
    "memorysetup-temp-allocator-size-gi-baking-worker=262144"
    "memorysetup-temp-allocator-size-gi-baking-worker=262144"
    "memorysetup-temp-allocator-size-gi-baking-worker=262144"
    "memorysetup-temp-allocator-size-gi-baking-worker=262144"
    "memorysetup-temp-allocator-size-gi-baking-worker=262144"
    "memorysetup-temp-allocator-size-gfx=262144"
Player connection [53888]  Target information:

Player connection [53888]  * "[IP] 192.168.56.1 [Port] 0 [Flags] 2 [Guid] 1614405655 [EditorId] 1614405655 [Version] 1048832 [Id] WindowsEditor(7,AbdulRehman-LOQ) [Debug] 1 [PackageName] WindowsEditor [ProjectName] Editor" 

Player connection [53888]  * "[IP] 192.168.1.9 [Port] 0 [Flags] 2 [Guid] 1614405655 [EditorId] 1614405655 [Version] 1048832 [Id] WindowsEditor(7,AbdulRehman-LOQ) [Debug] 1 [PackageName] WindowsEditor [ProjectName] Editor" 

Player connection [53888] Host joined multi-casting on [225.0.0.222:54997]...
Player connection [53888] Host joined alternative multi-casting on [225.0.0.222:34997]...
JobSystem: Creating JobQueue using job-worker-count value 5
Input System module state changed to: Initialized.
[Physics::Module] Initialized fallback backend.
[Physics::Module] Id: 0xdecafbad
[Licensing::Client] Code 10 while verifying Licensing Client signature (process Id: 57376, path: "C:/Users/mabdu/Software/Unity/UnityHub/Unity Hub/UnityLicensingClient_V1/Unity.Licensing.Client.exe")
[Licensing::Module] LicensingClient has failed validation; ignoring
[Licensing::Client] Handshaking with LicensingClient:
  Version:                 1.17.4+4293ba1
  Session Id:              89536cdb573c46278ce67bc3a9fa201f
  Correlation Id:          c2d5052e3d7c6538e1bcadab34a82181
  External correlation Id: 8523894604225110414
  Machine Id:              7F/eLCRCKqwmUfxuyLaZ13Qr608=
[Licensing::Module] Successfully connected to LicensingClient on channel: "LicenseClient-mabdu" (connect: 0.00s, validation: 0.00s, handshake: 0.06s)
[Licensing::IpcConnector] Successfully connected to: "LicenseClient-mabdu-notifications" at "2026-01-15T11:12:54.2506975Z"
[Licensing::Module] Licensing Background thread has ended after 0.06s
Library Redirect Path: Library/
[Physics::Module] Selected backend.
[Physics::Module] Name: PhysX
[Physics::Module] Id: 0xf2b8ea05
[Physics::Module] SDK Version: 4.1.2
[Physics::Module] Integration Version: 1.0.0
[Physics::Module] Threading Mode: Multi-Threaded
Refreshing native plugins compatible for Editor in 13.12 ms, found 4 plugins.
Preloading 0 native plugins for Editor in 0.00 ms.
Initialize engine version: 6000.2.6f2 (4a4dcaec6541)
[Subsystems] Discovering subsystems at path C:/Users/mabdu/Software/Unity/UnityVersions/6000.2.6f2/Editor/Data/Resources/UnitySubsystems
[Subsystems] Discovering subsystems at path C:/Users/mabdu/Software/GitHub-Repos/Dialogue_Creator_Unity_Package/Assets
GfxDevice: creating device client; kGfxThreadingModeNonThreaded
Direct3D:
    Version:  Direct3D 11.0 [level 11.1]
    Renderer: NVIDIA GeForce RTX 3050 6GB Laptop GPU (ID=0x25ec)
    Vendor:   NVIDIA
    VRAM:     6002 MB
    Driver:   32.0.15.8186
Initialize mono
Mono path[0] = 'C:/Users/mabdu/Software/Unity/UnityVersions/6000.2.6f2/Editor/Data/Managed'
Mono path[1] = 'C:/Users/mabdu/Software/Unity/UnityVersions/6000.2.6f2/Editor/Data/MonoBleedingEdge/lib/mono/unityjit-win32'
Mono config path = 'C:/Users/mabdu/Software/Unity/UnityVersions/6000.2.6f2/Editor/Data/MonoBleedingEdge/etc'
Using monoOptions --debugger-agent=transport=dt_socket,embedding=1,server=y,suspend=n,address=127.0.0.1:56836
Begin MonoManager ReloadAssembly
Registering precompiled unity dll's ...
Register platform support module: C:/Users/mabdu/Software/Unity/UnityVersions/6000.2.6f2/Editor/Data/PlaybackEngines/WebGLSupport/UnityEditor.WebGL.Extensions.dll
Register platform support module: C:/Users/mabdu/Software/Unity/UnityVersions/6000.2.6f2/Editor/Data/PlaybackEngines/WindowsStandaloneSupport/UnityEditor.WindowsStandalone.Extensions.dll
[Licensing::Client] Successfully resolved entitlement details
[Licensing::Module] License group:
  Id: F4-N7UG-VMJU-KGPT-C96V-XXXX
  Product: Unity Personal
  Type: ULF
  Expiration: 2026-02-23T12:02:45Z
[Licensing::Module] License group:
  Id: 18966744946345-UnityPersXXXX
  Product: Unity Personal
  Type: Assigned
  Expiration: Unlimited
Register platform support module: C:/Users/mabdu/Software/Unity/UnityVersions/6000.2.6f2/Editor/Data/PlaybackEngines/MetroSupport/UnityEditor.UWP.Extensions.dll
[Licensing::Client] Successfully resolved entitlement details
[Licensing::Module] License group:
  Id: F4-N7UG-VMJU-KGPT-C96V-XXXX
  Product: Unity Personal
  Type: ULF
  Expiration: 2026-02-23T12:02:45Z
[Licensing::Module] License group:
  Id: 18966744946345-UnityPersXXXX
  Product: Unity Personal
  Type: Assigned
  Expiration: Unlimited
Register platform support module: C:/Users/mabdu/Software/Unity/UnityVersions/6000.2.6f2/Editor/Data/PlaybackEngines/AndroidPlayer/UnityEditor.Android.Extensions.dll
Registered in 0.013806 seconds.
- Loaded All Assemblies, in  0.573 seconds
Native extension for Android target not found
Android Extension - Scanning For ADB Devices 402 ms
Native extension for UWP target not found
Native extension for WindowsStandalone target not found
Native extension for WebGL target not found
Mono: successfully reloaded assembly
- Finished resetting the current domain, in  0.856 seconds
Domain Reload Profiling: 1427ms
	BeginReloadAssembly (229ms)
		ExecutionOrderSort (0ms)
		DisableScriptedObjects (0ms)
		BackupInstance (0ms)
		ReleaseScriptingObjects (0ms)
		CreateAndSetChildDomain (1ms)
	RebuildCommonClasses (51ms)
	RebuildNativeTypeToScriptingClass (17ms)
	initialDomainReloadingComplete (79ms)
	LoadAllAssembliesAndSetupDomain (195ms)
		LoadAssemblies (228ms)
		RebuildTransferFunctionScriptingTraits (0ms)
		AnalyzeDomain (189ms)
			TypeCache.Refresh (188ms)
				TypeCache.ScanAssembly (172ms)
			BuildScriptInfoCaches (0ms)
			ResolveRequiredComponents (1ms)
	FinalizeReload (856ms)
		ReleaseScriptCaches (0ms)
		RebuildScriptCaches (0ms)
		SetupLoadedEditorAssemblies (806ms)
			LogAssemblyErrors (0ms)
			InitializePlatformSupportModulesInManaged (528ms)
			SetLoadedEditorAssemblies (8ms)
			BeforeProcessingInitializeOnLoad (75ms)
			ProcessInitializeOnLoadAttributes (140ms)
			ProcessInitializeOnLoadMethodAttributes (55ms)
			AfterProcessingInitializeOnLoad (0ms)
			EditorAssembliesLoaded (0ms)
		ExecutionOrderSort2 (0ms)
		AwakeInstancesAfterBackupRestoration (0ms)
========================================================================
Worker process is ready to serve import requests
Import Worker Mode flag is 0x00
Begin MonoManager ReloadAssembly
[Licensing::Client] Successfully resolved entitlement details
[Licensing::Module] License group:
  Id: F4-N7UG-VMJU-KGPT-C96V-XXXX
  Product: Unity Personal
  Type: ULF
  Expiration: 2026-02-23T12:02:45Z
[Licensing::Module] License group:
  Id: 18966744946345-UnityPersXXXX
  Product: Unity Personal
  Type: Assigned
  Expiration: Unlimited
- Loaded All Assemblies, in  1.188 seconds
Refreshing native plugins compatible for Editor in 1.95 ms, found 4 plugins.
Native extension for Android target not found
Native extension for UWP target not found
Native extension for WindowsStandalone target not found
Native extension for WebGL target not found
Package Manager log level set to [2]
[Package Manager] Failed to launch server process. Reason: Unity was launched with the -noUpm command-line argument
[Package Manager] Unable to send message (not connected to server process).
[Package Manager] Cannot connect to Unity Package Manager local server
Mono: successfully reloaded assembly
- Finished resetting the current domain, in  0.954 seconds
Domain Reload Profiling: 2138ms
	BeginReloadAssembly (249ms)
		ExecutionOrderSort (0ms)
		DisableScriptedObjects (12ms)
		BackupInstance (0ms)
		ReleaseScriptingObjects (0ms)
		CreateAndSetChildDomain (36ms)
	RebuildCommonClasses (44ms)
	RebuildNativeTypeToScriptingClass (15ms)
	initialDomainReloadingComplete (50ms)
	LoadAllAssembliesAndSetupDomain (826ms)
		LoadAssemblies (607ms)
		RebuildTransferFunctionScriptingTraits (0ms)
		AnalyzeDomain (342ms)
			TypeCache.Refresh (238ms)
				TypeCache.ScanAssembly (219ms)
			BuildScriptInfoCaches (77ms)
			ResolveRequiredComponents (21ms)
	FinalizeReload (955ms)
		ReleaseScriptCaches (0ms)
		RebuildScriptCaches (0ms)
		SetupLoadedEditorAssemblies (775ms)
			LogAssemblyErrors (0ms)
			InitializePlatformSupportModulesInManaged (12ms)
			SetLoadedEditorAssemblies (7ms)
			BeforeProcessingInitializeOnLoad (137ms)
			ProcessInitializeOnLoadAttributes (482ms)
			ProcessInitializeOnLoadMethodAttributes (133ms)
			AfterProcessingInitializeOnLoad (4ms)
			EditorAssembliesLoaded (0ms)
		ExecutionOrderSort2 (0ms)
		AwakeInstancesAfterBackupRestoration (6ms)
Launched and connected shader compiler UnityShaderCompiler.exe after 0.01 seconds
Refreshing native plugins compatible for Editor in 1.75 ms, found 4 plugins.
Preloading 0 native plugins for Editor in 0.00 ms.
Unloading 14 Unused Serialized files (Serialized files now loaded: 0)
Unloading 6732 unused Assets / (5.5 MB). Loaded Objects now: 7459.
Memory consumption went from 140.4 MB to 134.9 MB.
Total: 9.711700 ms (FindLiveObjects: 0.638600 ms CreateObjectMapping: 0.651800 ms MarkObjects: 5.851200 ms  DeleteObjects: 2.568600 ms)

========================================================================
Received Import Request.
  Time since last request: 2667133.215687 seconds.
  path: Assets/com.Snype.visualnovel/Samples/UI-Assets/textbox_dark_green.png
  artifactKey: Guid(50703107a7c4ce9499b792a65baf4ac6) Importer(815301076,1909f56bfc062723c751e8b465ee728b)
Start importing Assets/com.Snype.visualnovel/Samples/UI-Assets/textbox_dark_green.png using Guid(50703107a7c4ce9499b792a65baf4ac6) Importer(815301076,1909f56bfc062723c751e8b465ee728b) (PreviewImporter) -> (artifact id: '8ebcd7d2ff0727b0d79ccebd1942e1b7') in 0.1597666 seconds
Number of updated asset objects reloaded before import = 0Number of asset objects unloaded after import = 3

========================================================================
Received Import Request.
  Time since last request: 0.000050 seconds.
  path: Assets/com.Snype.visualnovel/Samples/UI-Assets/textbox_dark_orange.png
  artifactKey: Guid(0ae421ee2b1a7f24eadb766693cfc7d6) Importer(815301076,1909f56bfc062723c751e8b465ee728b)
Start importing Assets/com.Snype.visualnovel/Samples/UI-Assets/textbox_dark_orange.png using Guid(0ae421ee2b1a7f24eadb766693cfc7d6) Importer(815301076,1909f56bfc062723c751e8b465ee728b) (PreviewImporter) -> (artifact id: 'd087a96129dff4ba7d1cde2130cd817a') in 0.0141946 seconds
Number of updated asset objects reloaded before import = 0Number of asset objects unloaded after import = 3

========================================================================
Received Import Request.
  Time since last request: 0.000055 seconds.
  path: Assets/com.Snype.visualnovel/Samples/UI-Assets/textbox_light_purple.png
  artifactKey: Guid(72b19b0f29b9cc44c94996ea327b0bef) Importer(815301076,1909f56bfc062723c751e8b465ee728b)
Start importing Assets/com.Snype.visualnovel/Samples/UI-Assets/textbox_light_purple.png using Guid(72b19b0f29b9cc44c94996ea327b0bef) Importer(815301076,1909f56bfc062723c751e8b465ee728b) (PreviewImporter) -> (artifact id: 'd72ce282ae6c88f6b1f079c90aae646b') in 0.0141056 seconds
Number of updated asset objects reloaded before import = 0Number of asset objects unloaded after import = 3

========================================================================
Received Import Request.
  Time since last request: 81.250811 seconds.
  path: Assets/TextMesh Pro/Resources/Fonts & Materials/LiberationSans SDF - Fallback.asset
  artifactKey: Guid(2e498d1c8094910479dc3e1b768306a4) Importer(815301076,1909f56bfc062723c751e8b465ee728b)
Start importing Assets/TextMesh Pro/Resources/Fonts & Materials/LiberationSans SDF - Fallback.asset using Guid(2e498d1c8094910479dc3e1b768306a4) Importer(815301076,1909f56bfc062723c751e8b465ee728b) (PreviewImporter) -> (artifact id: 'b991d7801a5dc14e79bb7394aebeb199') in 0.5537755 seconds
Number of updated asset objects reloaded before import = 0Number of asset objects unloaded after import = 6

========================================================================
Received Import Request.
  Time since last request: 136.825805 seconds.
  path: Assets/com.Snype.visualnovel/Samples/UI-Assets/statusbox_dark_pink.png
  artifactKey: Guid(b3a6fc3393688fd4ba10f0aae88939cf) Importer(815301076,1909f56bfc062723c751e8b465ee728b)
Start importing Assets/com.Snype.visualnovel/Samples/UI-Assets/statusbox_dark_pink.png using Guid(b3a6fc3393688fd4ba10f0aae88939cf) Importer(815301076,1909f56bfc062723c751e8b465ee728b) (PreviewImporter) -> (artifact id: 'd4b8ad5b9d5c4572ed33901c7f0e19f1') in 0.0198389 seconds
Number of updated asset objects reloaded before import = 0Number of asset objects unloaded after import = 3

========================================================================
Received Import Request.
  Time since last request: 0.000057 seconds.
  path: Assets/com.Snype.visualnovel/Samples/UI-Assets/statusbox_dark_red.png
  artifactKey: Guid(459b52a2653fb3842b3b88fbee1556cf) Importer(815301076,1909f56bfc062723c751e8b465ee728b)
Start importing Assets/com.Snype.visualnovel/Samples/UI-Assets/statusbox_dark_red.png using Guid(459b52a2653fb3842b3b88fbee1556cf) Importer(815301076,1909f56bfc062723c751e8b465ee728b) (PreviewImporter) -> (artifact id: '8b2c6efa47d801a94119bf0fb3dcd3d0') in 0.0375755 seconds
Number of updated asset objects reloaded before import = 0Number of asset objects unloaded after import = 3

========================================================================
Received Import Request.
  Time since last request: 0.000048 seconds.
  path: Assets/com.Snype.visualnovel/Samples/UI-Assets/statusbox_dark_blue.png
  artifactKey: Guid(ba92973394e8ad7419c7d1fe8df1a673) Importer(815301076,1909f56bfc062723c751e8b465ee728b)
Start importing Assets/com.Snype.visualnovel/Samples/UI-Assets/statusbox_dark_blue.png using Guid(ba92973394e8ad7419c7d1fe8df1a673) Importer(815301076,1909f56bfc062723c751e8b465ee728b) (PreviewImporter) -> (artifact id: '3c03b34f74043ebcb7ae797b86def5dd') in 0.0155164 seconds
Number of updated asset objects reloaded before import = 0Number of asset objects unloaded after import = 3

========================================================================
Received Import Request.
  Time since last request: 0.000046 seconds.
  path: Assets/com.Snype.visualnovel/Samples/UI-Assets/namebox_purple.png
  artifactKey: Guid(5f6fe78f122555b469998492cfe13783) Importer(815301076,1909f56bfc062723c751e8b465ee728b)
Start importing Assets/com.Snype.visualnovel/Samples/UI-Assets/namebox_purple.png using Guid(5f6fe78f122555b469998492cfe13783) Importer(815301076,1909f56bfc062723c751e8b465ee728b) (PreviewImporter) -> (artifact id: 'e3760552120a141d34a3461f72ec749d') in 0.0363562 seconds
Number of updated asset objects reloaded before import = 0Number of asset objects unloaded after import = 3

========================================================================
Received Import Request.
  Time since last request: 0.000041 seconds.
  path: Assets/com.Snype.visualnovel/Samples/UI-Assets/namebox_red.png
  artifactKey: Guid(8a1b172a3330f614989fc12b26874beb) Importer(815301076,1909f56bfc062723c751e8b465ee728b)
Start importing Assets/com.Snype.visualnovel/Samples/UI-Assets/namebox_red.png using Guid(8a1b172a3330f614989fc12b26874beb) Importer(815301076,1909f56bfc062723c751e8b465ee728b) (PreviewImporter) -> (artifact id: 'c95336bc4f60ac5ab0bce04af44bfd2a') in 0.0116761 seconds
Number of updated asset objects reloaded before import = 0Number of asset objects unloaded after import = 3

========================================================================
Received Import Request.
  Time since last request: 0.000040 seconds.
  path: Assets/com.Snype.visualnovel/Samples/UI-Assets/statusbox_light_orange.png
  artifactKey: Guid(9d952d3852a89d74ebd0a9eab1e70478) Importer(815301076,1909f56bfc062723c751e8b465ee728b)
Start importing Assets/com.Snype.visualnovel/Samples/UI-Assets/statusbox_light_orange.png using Guid(9d952d3852a89d74ebd0a9eab1e70478) Importer(815301076,1909f56bfc062723c751e8b465ee728b) (PreviewImporter) -> (artifact id: '0788a8eb128434c783d1c42f73c0d763') in 0.0130436 seconds
Number of updated asset objects reloaded before import = 0Number of asset objects unloaded after import = 3

========================================================================
Received Import Request.
  Time since last request: 0.000047 seconds.
  path: Assets/com.Snype.visualnovel/Samples/UI-Assets/namebox_orange.png
  artifactKey: Guid(46518aafed4020f499d117ff06d564be) Importer(815301076,1909f56bfc062723c751e8b465ee728b)
Start importing Assets/com.Snype.visualnovel/Samples/UI-Assets/namebox_orange.png using Guid(46518aafed4020f499d117ff06d564be) Importer(815301076,1909f56bfc062723c751e8b465ee728b) (PreviewImporter) -> (artifact id: '546314c03d6c1880320734c2b5174c12') in 0.0147184 seconds
Number of updated asset objects reloaded before import = 0Number of asset objects unloaded after import = 3

========================================================================
Received Import Request.
  Time since last request: 0.000038 seconds.
  path: Assets/com.Snype.visualnovel/Samples/UI-Assets/statusbox_dark_purple.png
  artifactKey: Guid(052cac805dbad18408921850b075bb5d) Importer(815301076,1909f56bfc062723c751e8b465ee728b)
Start importing Assets/com.Snype.visualnovel/Samples/UI-Assets/statusbox_dark_purple.png using Guid(052cac805dbad18408921850b075bb5d) Importer(815301076,1909f56bfc062723c751e8b465ee728b) (PreviewImporter) -> (artifact id: 'b03266f6d3ec9663b8c3039afdd9590b') in 0.0128869 seconds
Number of updated asset objects reloaded before import = 0Number of asset objects unloaded after import = 3

========================================================================
Received Import Request.
  Time since last request: 0.000051 seconds.
  path: Assets/com.Snype.visualnovel/Samples/UI-Assets/statusbox_dark_green.png
  artifactKey: Guid(1fb3d804c0ec43b4eb722fedf1a350c8) Importer(815301076,1909f56bfc062723c751e8b465ee728b)
Start importing Assets/com.Snype.visualnovel/Samples/UI-Assets/statusbox_dark_green.png using Guid(1fb3d804c0ec43b4eb722fedf1a350c8) Importer(815301076,1909f56bfc062723c751e8b465ee728b) (PreviewImporter) -> (artifact id: '5b45f9f0c2433d4d62eba4a040573a4f') in 0.0149331 seconds
Number of updated asset objects reloaded before import = 0Number of asset objects unloaded after import = 3

========================================================================
Received Import Request.
  Time since last request: 0.000029 seconds.
  path: Assets/com.Snype.visualnovel/Samples/UI-Assets/namebox_pink.png
  artifactKey: Guid(5a8045803b0670d49a8491ab1428db36) Importer(815301076,1909f56bfc062723c751e8b465ee728b)
Start importing Assets/com.Snype.visualnovel/Samples/UI-Assets/namebox_pink.png using Guid(5a8045803b0670d49a8491ab1428db36) Importer(815301076,1909f56bfc062723c751e8b465ee728b) (PreviewImporter) -> (artifact id: 'ec484944e4c8844d1ecd9eb76f29471a') in 0.0136519 seconds
Number of updated asset objects reloaded before import = 0Number of asset objects unloaded after import = 3

========================================================================
Received Import Request.
  Time since last request: 0.558520 seconds.
  path: Assets/com.Snype.visualnovel/Samples/UI-Assets/dialoguebox_light_purple.png
  artifactKey: Guid(1852e998167d46042a5dc30a07ca8491) Importer(815301076,1909f56bfc062723c751e8b465ee728b)
Start importing Assets/com.Snype.visualnovel/Samples/UI-Assets/dialoguebox_light_purple.png using Guid(1852e998167d46042a5dc30a07ca8491) Importer(815301076,1909f56bfc062723c751e8b465ee728b) (PreviewImporter) -> (artifact id: '61d27c24e578090e10dbe9500af77e22') in 0.0139643 seconds
Number of updated asset objects reloaded before import = 0Number of asset objects unloaded after import = 3

========================================================================
Received Import Request.
  Time since last request: 0.000044 seconds.
  path: Assets/com.Snype.visualnovel/Samples/UI-Assets/namebox_2_purple.png
  artifactKey: Guid(a2271b3feb2213c47bbdc2c1186f24a4) Importer(815301076,1909f56bfc062723c751e8b465ee728b)
Start importing Assets/com.Snype.visualnovel/Samples/UI-Assets/namebox_2_purple.png using Guid(a2271b3feb2213c47bbdc2c1186f24a4) Importer(815301076,1909f56bfc062723c751e8b465ee728b) (PreviewImporter) -> (artifact id: 'c9b3e6052878d48ed848784d1f3b365c') in 0.0125829 seconds
Number of updated asset objects reloaded before import = 0Number of asset objects unloaded after import = 3

========================================================================
Received Import Request.
  Time since last request: 0.000049 seconds.
  path: Assets/com.Snype.visualnovel/Samples/UI-Assets/namebox_2_blue.png
  artifactKey: Guid(dfb9cb450a23cf64aa784d7873ec39b5) Importer(815301076,1909f56bfc062723c751e8b465ee728b)
Start importing Assets/com.Snype.visualnovel/Samples/UI-Assets/namebox_2_blue.png using Guid(dfb9cb450a23cf64aa784d7873ec39b5) Importer(815301076,1909f56bfc062723c751e8b465ee728b) (PreviewImporter) -> (artifact id: 'f7e0161d19af0ed45a76b822f0883b28') in 0.011434 seconds
Number of updated asset objects reloaded before import = 0Number of asset objects unloaded after import = 3

========================================================================
Received Import Request.
  Time since last request: 0.000057 seconds.
  path: Assets/com.Snype.visualnovel/Samples/UI-Assets/dialoguebox_light_red.png
  artifactKey: Guid(c07efa2d0e5c1e343a6f75f1aeefaa65) Importer(815301076,1909f56bfc062723c751e8b465ee728b)
Start importing Assets/com.Snype.visualnovel/Samples/UI-Assets/dialoguebox_light_red.png using Guid(c07efa2d0e5c1e343a6f75f1aeefaa65) Importer(815301076,1909f56bfc062723c751e8b465ee728b) (PreviewImporter) -> (artifact id: '59dcb887e6fad4de582d9225d44d9b88') in 0.0113955 seconds
Number of updated asset objects reloaded before import = 0Number of asset objects unloaded after import = 3

========================================================================
Received Import Request.
  Time since last request: 0.000045 seconds.
  path: Assets/com.Snype.visualnovel/Samples/UI-Assets/namebox_2_red.png
  artifactKey: Guid(32d2f9e6ba53c4d4c9b5281ea2b6e55d) Importer(815301076,1909f56bfc062723c751e8b465ee728b)
Start importing Assets/com.Snype.visualnovel/Samples/UI-Assets/namebox_2_red.png using Guid(32d2f9e6ba53c4d4c9b5281ea2b6e55d) Importer(815301076,1909f56bfc062723c751e8b465ee728b) (PreviewImporter) -> (artifact id: 'd15e971785e299b3fa7760c1680d90d0') in 0.0107646 seconds
Number of updated asset objects reloaded before import = 0Number of asset objects unloaded after import = 3

========================================================================
Received Import Request.
  Time since last request: 0.320014 seconds.
  path: Assets/com.Snype.visualnovel/Samples/UI-Assets/dialoguebox_light_2_green.png
  artifactKey: Guid(aa582f8aac3e4c24f946e13fd12a21e8) Importer(815301076,1909f56bfc062723c751e8b465ee728b)
Start importing Assets/com.Snype.visualnovel/Samples/UI-Assets/dialoguebox_light_2_green.png using Guid(aa582f8aac3e4c24f946e13fd12a21e8) Importer(815301076,1909f56bfc062723c751e8b465ee728b) (PreviewImporter) -> (artifact id: '8edd40e5d9899cae72acc81d7a40cb1e') in 0.0176478 seconds
Number of updated asset objects reloaded before import = 0Number of asset objects unloaded after import = 3

========================================================================
Received Import Request.
  Time since last request: 0.000046 seconds.
  path: Assets/com.Snype.visualnovel/Samples/UI-Assets/dialoguebox_light_2_orange.png
  artifactKey: Guid(2a91ae0b2408dc3498c47cc3a686e1e7) Importer(815301076,1909f56bfc062723c751e8b465ee728b)
Start importing Assets/com.Snype.visualnovel/Samples/UI-Assets/dialoguebox_light_2_orange.png using Guid(2a91ae0b2408dc3498c47cc3a686e1e7) Importer(815301076,1909f56bfc062723c751e8b465ee728b) (PreviewImporter) -> (artifact id: '803d80830f3b07b4e41366b010a06fff') in 0.012202 seconds
Number of updated asset objects reloaded before import = 0Number of asset objects unloaded after import = 3

========================================================================
Received Import Request.
  Time since last request: 0.000069 seconds.
  path: Assets/com.Snype.visualnovel/Samples/UI-Assets/dialoguebox_light_2_purple.png
  artifactKey: Guid(492a6ba6b4fc16044987158fe220312f) Importer(815301076,1909f56bfc062723c751e8b465ee728b)
Start importing Assets/com.Snype.visualnovel/Samples/UI-Assets/dialoguebox_light_2_purple.png using Guid(492a6ba6b4fc16044987158fe220312f) Importer(815301076,1909f56bfc062723c751e8b465ee728b) (PreviewImporter) -> (artifact id: 'bf78b63cdcb40a6bc950aa3a4b06e4ae') in 0.0113276 seconds
Number of updated asset objects reloaded before import = 0Number of asset objects unloaded after import = 3

========================================================================
Received Import Request.
  Time since last request: 0.000060 seconds.
  path: Assets/com.Snype.visualnovel/Samples/UI-Assets/dialoguebox_light_2_red.png
  artifactKey: Guid(fe7ae3abb470e894d8f3bf9fa944e986) Importer(815301076,1909f56bfc062723c751e8b465ee728b)
Start importing Assets/com.Snype.visualnovel/Samples/UI-Assets/dialoguebox_light_2_red.png using Guid(fe7ae3abb470e894d8f3bf9fa944e986) Importer(815301076,1909f56bfc062723c751e8b465ee728b) (PreviewImporter) -> (artifact id: '39f8e55bd004a8b4be31850c74972317') in 0.0143029 seconds
Number of updated asset objects reloaded before import = 0Number of asset objects unloaded after import = 3

========================================================================
Received Import Request.
  Time since last request: 0.000105 seconds.
  path: Assets/com.Snype.visualnovel/Samples/UI-Assets/dialoguebox_light_orange.png
  artifactKey: Guid(62a40e7573274a8458edf37ff0703489) Importer(815301076,1909f56bfc062723c751e8b465ee728b)
Start importing Assets/com.Snype.visualnovel/Samples/UI-Assets/dialoguebox_light_orange.png using Guid(62a40e7573274a8458edf37ff0703489) Importer(815301076,1909f56bfc062723c751e8b465ee728b) (PreviewImporter) -> (artifact id: '88940c46fb5da25b18b902f9074beaaf') in 0.0106685 seconds
Number of updated asset objects reloaded before import = 0Number of asset objects unloaded after import = 3

========================================================================
Received Import Request.
  Time since last request: 0.119208 seconds.
  path: Assets/com.Snype.visualnovel/Samples/UI-Assets/dialoguebox_dark_2_red.png
  artifactKey: Guid(0827f3d47a013ff47a9627552643369f) Importer(815301076,1909f56bfc062723c751e8b465ee728b)
Start importing Assets/com.Snype.visualnovel/Samples/UI-Assets/dialoguebox_dark_2_red.png using Guid(0827f3d47a013ff47a9627552643369f) Importer(815301076,1909f56bfc062723c751e8b465ee728b) (PreviewImporter) -> (artifact id: '2ec84adb2fbea95c1753481f6fbccf12') in 0.0122189 seconds
Number of updated asset objects reloaded before import = 0Number of asset objects unloaded after import = 3

========================================================================
Received Import Request.
  Time since last request: 0.000063 seconds.
  path: Assets/com.Snype.visualnovel/Samples/UI-Assets/dialoguebox_dark_red.png
  artifactKey: Guid(ed43c99e8c88b2949ad7b4e935887f90) Importer(815301076,1909f56bfc062723c751e8b465ee728b)
Start importing Assets/com.Snype.visualnovel/Samples/UI-Assets/dialoguebox_dark_red.png using Guid(ed43c99e8c88b2949ad7b4e935887f90) Importer(815301076,1909f56bfc062723c751e8b465ee728b) (PreviewImporter) -> (artifact id: '234e55e6929c3c2603867d20219792ac') in 0.0119932 seconds
Number of updated asset objects reloaded before import = 0Number of asset objects unloaded after import = 3

========================================================================
Received Import Request.
  Time since last request: 0.000039 seconds.
  path: Assets/com.Snype.visualnovel/Samples/UI-Assets/dialoguebox_dark_orange.png
  artifactKey: Guid(a2f456138912c394480f28e033ae6de4) Importer(815301076,1909f56bfc062723c751e8b465ee728b)
Start importing Assets/com.Snype.visualnovel/Samples/UI-Assets/dialoguebox_dark_orange.png using Guid(a2f456138912c394480f28e033ae6de4) Importer(815301076,1909f56bfc062723c751e8b465ee728b) (PreviewImporter) -> (artifact id: '152c9d848db6cf2b2cc7e8add62aaa46') in 0.0107031 seconds
Number of updated asset objects reloaded before import = 0Number of asset objects unloaded after import = 3

========================================================================
Received Import Request.
  Time since last request: 0.000031 seconds.
  path: Assets/com.Snype.visualnovel/Samples/UI-Assets/dialoguebox_dark_purple.png
  artifactKey: Guid(ce01b0dbd34971746bafc8b02121e5bd) Importer(815301076,1909f56bfc062723c751e8b465ee728b)
Start importing Assets/com.Snype.visualnovel/Samples/UI-Assets/dialoguebox_dark_purple.png using Guid(ce01b0dbd34971746bafc8b02121e5bd) Importer(815301076,1909f56bfc062723c751e8b465ee728b) (PreviewImporter) -> (artifact id: '8e45ba65e6ef650fd8c012e261b842f5') in 0.0328343 seconds
Number of updated asset objects reloaded before import = 0Number of asset objects unloaded after import = 3

========================================================================
Received Import Request.
  Time since last request: 0.000092 seconds.
  path: Assets/com.Snype.visualnovel/Samples/UI-Assets/dialoguebox_dark_yellow.png
  artifactKey: Guid(bd32323f6e84d4d43a45555a5bacb13c) Importer(815301076,1909f56bfc062723c751e8b465ee728b)
Start importing Assets/com.Snype.visualnovel/Samples/UI-Assets/dialoguebox_dark_yellow.png using Guid(bd32323f6e84d4d43a45555a5bacb13c) Importer(815301076,1909f56bfc062723c751e8b465ee728b) (PreviewImporter) -> (artifact id: '46ab0f91f7fc913febec68e557ee89ba') in 0.0123123 seconds
Number of updated asset objects reloaded before import = 0Number of asset objects unloaded after import = 3

========================================================================
Received Import Request.
  Time since last request: 0.323564 seconds.
  path: Assets/com.Snype.visualnovel/Samples/UI-Assets/choice_dark_hover.png
  artifactKey: Guid(1e1e83e568ea4cb4ab78b8856273f209) Importer(815301076,1909f56bfc062723c751e8b465ee728b)
Start importing Assets/com.Snype.visualnovel/Samples/UI-Assets/choice_dark_hover.png using Guid(1e1e83e568ea4cb4ab78b8856273f209) Importer(815301076,1909f56bfc062723c751e8b465ee728b) (PreviewImporter) -> (artifact id: '4ed0407bb42545363a8d30ae46f41a1b') in 0.0129892 seconds
Number of updated asset objects reloaded before import = 0Number of asset objects unloaded after import = 3

========================================================================
Received Import Request.
  Time since last request: 0.000041 seconds.
  path: Assets/com.Snype.visualnovel/Samples/UI-Assets/dialoguebox_dark_2_orange.png
  artifactKey: Guid(183286591d2b6894ab207256345de7ff) Importer(815301076,1909f56bfc062723c751e8b465ee728b)
Start importing Assets/com.Snype.visualnovel/Samples/UI-Assets/dialoguebox_dark_2_orange.png using Guid(183286591d2b6894ab207256345de7ff) Importer(815301076,1909f56bfc062723c751e8b465ee728b) (PreviewImporter) -> (artifact id: '16043744c5ea60306f9d2d500589d0f9') in 0.01066 seconds
Number of updated asset objects reloaded before import = 0Number of asset objects unloaded after import = 3

========================================================================
Received Import Request.
  Time since last request: 0.000056 seconds.
  path: Assets/com.Snype.visualnovel/Samples/UI-Assets/choice_dark_idle.png
  artifactKey: Guid(fcd1922f5650c95438b7594f6a1aa602) Importer(815301076,1909f56bfc062723c751e8b465ee728b)
Start importing Assets/com.Snype.visualnovel/Samples/UI-Assets/choice_dark_idle.png using Guid(fcd1922f5650c95438b7594f6a1aa602) Importer(815301076,1909f56bfc062723c751e8b465ee728b) (PreviewImporter) -> (artifact id: '1cb78b8d4736251a652d283628999810') in 0.0094492 seconds
Number of updated asset objects reloaded before import = 0Number of asset objects unloaded after import = 3

========================================================================
Received Import Request.
  Time since last request: 0.000050 seconds.
  path: Assets/com.Snype.visualnovel/Samples/UI-Assets/dialoguebox_dark_2_green.png
  artifactKey: Guid(e32526d64feec174d91fc899ffe53ed1) Importer(815301076,1909f56bfc062723c751e8b465ee728b)
Start importing Assets/com.Snype.visualnovel/Samples/UI-Assets/dialoguebox_dark_2_green.png using Guid(e32526d64feec174d91fc899ffe53ed1) Importer(815301076,1909f56bfc062723c751e8b465ee728b) (PreviewImporter) -> (artifact id: 'bcda23f762a4e71bc21676698c7a4944') in 0.0118959 seconds
Number of updated asset objects reloaded before import = 0Number of asset objects unloaded after import = 3

========================================================================
Received Import Request.
  Time since last request: 0.000050 seconds.
  path: Assets/com.Snype.visualnovel/Samples/UI-Assets/dialoguebox_dark_2_pink.png
  artifactKey: Guid(cb7471f521354b64b9c7be175368c6d5) Importer(815301076,1909f56bfc062723c751e8b465ee728b)
Start importing Assets/com.Snype.visualnovel/Samples/UI-Assets/dialoguebox_dark_2_pink.png using Guid(cb7471f521354b64b9c7be175368c6d5) Importer(815301076,1909f56bfc062723c751e8b465ee728b) (PreviewImporter) -> (artifact id: '5c142dc6bff368a1884da9a2640121e3') in 0.0116811 seconds
Number of updated asset objects reloaded before import = 0Number of asset objects unloaded after import = 3

========================================================================
Received Prepare
Refreshing native plugins compatible for Editor in 2.42 ms, found 4 plugins.
Preloading 0 native plugins for Editor in 0.00 ms.
Unloading 14 Unused Serialized files (Serialized files now loaded: 0)
Unloading 6720 unused Assets / (5.0 MB). Loaded Objects now: 7645.
Memory consumption went from 146.6 MB to 141.5 MB.
Total: 58.415600 ms (FindLiveObjects: 1.084300 ms CreateObjectMapping: 1.078800 ms MarkObjects: 52.341500 ms  DeleteObjects: 3.908400 ms)

Prepare: number of updated asset objects reloaded= 0
========================================================================
Received Import Request.
  Time since last request: 4240.817249 seconds.
  path: Assets/com.Snype.visualnovel/Samples/SampleUIController.cs
  artifactKey: Guid(dbb9a33ac90d1ef4989e88601c97b962) Importer(815301076,1909f56bfc062723c751e8b465ee728b)
Start importing Assets/com.Snype.visualnovel/Samples/SampleUIController.cs using Guid(dbb9a33ac90d1ef4989e88601c97b962) Importer(815301076,1909f56bfc062723c751e8b465ee728b) (PreviewImporter) -> (artifact id: '9f076d5cc21ca33b7cf7310ec0cf2af4') in 0.0416992 seconds
Number of updated asset objects reloaded before import = 0Number of asset objects unloaded after import = 0

========================================================================
Received Prepare
Refreshing native plugins compatible for Editor in 13.41 ms, found 4 plugins.
Preloading 0 native plugins for Editor in 0.00 ms.
Unloading 14 Unused Serialized files (Serialized files now loaded: 0)
Unloading 6720 unused Assets / (3.9 MB). Loaded Objects now: 7645.
Memory consumption went from 146.6 MB to 142.7 MB.
Total: 31.684200 ms (FindLiveObjects: 2.428000 ms CreateObjectMapping: 2.297000 ms MarkObjects: 21.302900 ms  DeleteObjects: 5.652800 ms)

Prepare: number of updated asset objects reloaded= 0
========================================================================
Received Import Request.
  Time since last request: 35.399017 seconds.
  path: Assets/com.Snype.visualnovel/Samples/SampleUIController.cs
  artifactKey: Guid(dbb9a33ac90d1ef4989e88601c97b962) Importer(815301076,1909f56bfc062723c751e8b465ee728b)
Start importing Assets/com.Snype.visualnovel/Samples/SampleUIController.cs using Guid(dbb9a33ac90d1ef4989e88601c97b962) Importer(815301076,1909f56bfc062723c751e8b465ee728b) (PreviewImporter) -> (artifact id: '23a501d7b2f0a05a4d7586b071435ed1') in 0.012722 seconds
Number of updated asset objects reloaded before import = 0Number of asset objects unloaded after import = 0

========================================================================
Received Prepare
Refreshing native plugins compatible for Editor in 8.48 ms, found 4 plugins.
Preloading 0 native plugins for Editor in 0.00 ms.
Unloading 14 Unused Serialized files (Serialized files now loaded: 0)
Unloading 6720 unused Assets / (4.7 MB). Loaded Objects now: 7645.
Memory consumption went from 146.6 MB to 141.9 MB.
Total: 28.492500 ms (FindLiveObjects: 1.998400 ms CreateObjectMapping: 2.201700 ms MarkObjects: 19.160300 ms  DeleteObjects: 5.129100 ms)

Prepare: number of updated asset objects reloaded= 0
========================================================================
Received Prepare
Refreshing native plugins compatible for Editor in 12.77 ms, found 4 plugins.
Preloading 0 native plugins for Editor in 0.00 ms.
Unloading 14 Unused Serialized files (Serialized files now loaded: 0)
Unloading 6720 unused Assets / (5.5 MB). Loaded Objects now: 7645.
Memory consumption went from 146.6 MB to 141.0 MB.
Total: 28.330400 ms (FindLiveObjects: 1.773300 ms CreateObjectMapping: 2.024600 ms MarkObjects: 16.366800 ms  DeleteObjects: 8.163000 ms)

Prepare: number of updated asset objects reloaded= 0
========================================================================
Received Import Request.
  Time since last request: 27.680092 seconds.
  path: Assets/com.Snype.visualnovel/Samples/SampleUIController.cs
  artifactKey: Guid(dbb9a33ac90d1ef4989e88601c97b962) Importer(815301076,1909f56bfc062723c751e8b465ee728b)
Start importing Assets/com.Snype.visualnovel/Samples/SampleUIController.cs using Guid(dbb9a33ac90d1ef4989e88601c97b962) Importer(815301076,1909f56bfc062723c751e8b465ee728b) (PreviewImporter) -> (artifact id: 'c332c041823fd19093fae19521b5c61f') in 0.0223955 seconds
Number of updated asset objects reloaded before import = 0Number of asset objects unloaded after import = 0

========================================================================
Received Prepare
Refreshing native plugins compatible for Editor in 12.46 ms, found 4 plugins.
Preloading 0 native plugins for Editor in 0.00 ms.
Unloading 14 Unused Serialized files (Serialized files now loaded: 0)
Unloading 6720 unused Assets / (5.6 MB). Loaded Objects now: 7645.
Memory consumption went from 146.6 MB to 141.0 MB.
Total: 26.639900 ms (FindLiveObjects: 2.156800 ms CreateObjectMapping: 2.444300 ms MarkObjects: 15.204400 ms  DeleteObjects: 6.832000 ms)

Prepare: number of updated asset objects reloaded= 0
========================================================================
Received Import Request.
  Time since last request: 12.149306 seconds.
  path: Assets/com.Snype.visualnovel/Samples/SampleUIController.cs
  artifactKey: Guid(dbb9a33ac90d1ef4989e88601c97b962) Importer(815301076,1909f56bfc062723c751e8b465ee728b)
Start importing Assets/com.Snype.visualnovel/Samples/SampleUIController.cs using Guid(dbb9a33ac90d1ef4989e88601c97b962) Importer(815301076,1909f56bfc062723c751e8b465ee728b) (PreviewImporter) -> (artifact id: '7fac3aa499d1ae2b6003803558b55ad4') in 0.0114131 seconds
Number of updated asset objects reloaded before import = 0Number of asset objects unloaded after import = 0

========================================================================
Received Prepare
Refreshing native plugins compatible for Editor in 7.16 ms, found 4 plugins.
Preloading 0 native plugins for Editor in 0.00 ms.
Unloading 14 Unused Serialized files (Serialized files now loaded: 0)
Unloading 6720 unused Assets / (4.1 MB). Loaded Objects now: 7645.
Memory consumption went from 146.6 MB to 142.4 MB.
Total: 22.820700 ms (FindLiveObjects: 1.555100 ms CreateObjectMapping: 1.532300 ms MarkObjects: 14.758600 ms  DeleteObjects: 4.971900 ms)

Prepare: number of updated asset objects reloaded= 0
========================================================================
Received Import Request.
  Time since last request: 6.913666 seconds.
  path: Assets/com.Snype.visualnovel/Samples/SampleUIController.cs
  artifactKey: Guid(dbb9a33ac90d1ef4989e88601c97b962) Importer(815301076,1909f56bfc062723c751e8b465ee728b)
Start importing Assets/com.Snype.visualnovel/Samples/SampleUIController.cs using Guid(dbb9a33ac90d1ef4989e88601c97b962) Importer(815301076,1909f56bfc062723c751e8b465ee728b) (PreviewImporter) -> (artifact id: '00000000000000000000000000000000') in 0.0077359 seconds
Import Error Code:(4)
Message: Build asset version error: assets/com.snype.visualnovel/samples/sampleuicontroller.cs in SourceAssetDB has modification time of '2026-01-15T12:28:47.0337582Z' while content on disk has modification time of '2026-01-15T12:28:48.2364665Z'
  ERROR: Build asset version error: assets/com.snype.visualnovel/samples/sampleuicontroller.cs in SourceAssetDB has modification time of '2026-01-15T12:28:47.0337582Z' while content on disk has modification time of '2026-01-15T12:28:48.2364665Z'
Number of updated asset objects reloaded before import = 0Number of asset objects unloaded after import = 0

========================================================================
Received Prepare
Refreshing native plugins compatible for Editor in 8.82 ms, found 4 plugins.
Preloading 0 native plugins for Editor in 0.00 ms.
Unloading 14 Unused Serialized files (Serialized files now loaded: 0)
Unloading 6720 unused Assets / (5.6 MB). Loaded Objects now: 7645.
Memory consumption went from 146.6 MB to 141.0 MB.
Total: 29.403600 ms (FindLiveObjects: 2.304000 ms CreateObjectMapping: 2.458500 ms MarkObjects: 17.621700 ms  DeleteObjects: 7.015800 ms)

Prepare: number of updated asset objects reloaded= 0
========================================================================
Received Import Request.
  Time since last request: 0.963455 seconds.
  path: Assets/com.Snype.visualnovel/Samples/SampleUIController.cs
  artifactKey: Guid(dbb9a33ac90d1ef4989e88601c97b962) Importer(815301076,1909f56bfc062723c751e8b465ee728b)
Start importing Assets/com.Snype.visualnovel/Samples/SampleUIController.cs using Guid(dbb9a33ac90d1ef4989e88601c97b962) Importer(815301076,1909f56bfc062723c751e8b465ee728b) (PreviewImporter) -> (artifact id: '11b4206ce83d877cfb9d84fe025908a5') in 0.0072982 seconds
Number of updated asset objects reloaded before import = 0Number of asset objects unloaded after import = 0

========================================================================
Received Prepare
Refreshing native plugins compatible for Editor in 9.41 ms, found 4 plugins.
Preloading 0 native plugins for Editor in 0.00 ms.
Unloading 14 Unused Serialized files (Serialized files now loaded: 0)
Unloading 6720 unused Assets / (3.9 MB). Loaded Objects now: 7645.
Memory consumption went from 146.6 MB to 142.7 MB.
Total: 26.008400 ms (FindLiveObjects: 1.775000 ms CreateObjectMapping: 1.584700 ms MarkObjects: 15.132500 ms  DeleteObjects: 7.513100 ms)

Prepare: number of updated asset objects reloaded= 0
========================================================================
Received Import Request.
  Time since last request: 13.244265 seconds.
  path: Assets/com.Snype.visualnovel/Samples/SampleUIController.cs
  artifactKey: Guid(dbb9a33ac90d1ef4989e88601c97b962) Importer(815301076,1909f56bfc062723c751e8b465ee728b)
Start importing Assets/com.Snype.visualnovel/Samples/SampleUIController.cs using Guid(dbb9a33ac90d1ef4989e88601c97b962) Importer(815301076,1909f56bfc062723c751e8b465ee728b) (PreviewImporter) -> (artifact id: '4a2bfc867c3d7fdf0c4aa00c64bb1aff') in 0.0076256 seconds
Number of updated asset objects reloaded before import = 0Number of asset objects unloaded after import = 0

========================================================================
Received Prepare
Refreshing native plugins compatible for Editor in 8.86 ms, found 4 plugins.
Preloading 0 native plugins for Editor in 0.00 ms.
Unloading 14 Unused Serialized files (Serialized files now loaded: 0)
Unloading 6720 unused Assets / (4.5 MB). Loaded Objects now: 7645.
Memory consumption went from 146.6 MB to 142.0 MB.
Total: 27.369900 ms (FindLiveObjects: 1.752700 ms CreateObjectMapping: 1.542400 ms MarkObjects: 17.532300 ms  DeleteObjects: 6.539400 ms)

Prepare: number of updated asset objects reloaded= 0
========================================================================
Received Import Request.
  Time since last request: 23.406080 seconds.
  path: Assets/com.Snype.visualnovel/Samples/SampleUIController.cs
  artifactKey: Guid(dbb9a33ac90d1ef4989e88601c97b962) Importer(815301076,1909f56bfc062723c751e8b465ee728b)
Start importing Assets/com.Snype.visualnovel/Samples/SampleUIController.cs using Guid(dbb9a33ac90d1ef4989e88601c97b962) Importer(815301076,1909f56bfc062723c751e8b465ee728b) (PreviewImporter) -> (artifact id: '3b6e19b6aa47acae760d129f114ebf93') in 0.0076816 seconds
Number of updated asset objects reloaded before import = 0Number of asset objects unloaded after import = 0

========================================================================
Received Prepare
Refreshing native plugins compatible for Editor in 9.14 ms, found 4 plugins.
Preloading 0 native plugins for Editor in 0.00 ms.
Unloading 14 Unused Serialized files (Serialized files now loaded: 0)
Unloading 6720 unused Assets / (5.2 MB). Loaded Objects now: 7645.
Memory consumption went from 146.6 MB to 141.3 MB.
Total: 27.637100 ms (FindLiveObjects: 1.889400 ms CreateObjectMapping: 2.285200 ms MarkObjects: 15.430100 ms  DeleteObjects: 8.029700 ms)

Prepare: number of updated asset objects reloaded= 0
========================================================================
Received Import Request.
  Time since last request: 4.842397 seconds.
  path: Assets/com.Snype.visualnovel/Samples/SampleUIController.cs
  artifactKey: Guid(dbb9a33ac90d1ef4989e88601c97b962) Importer(815301076,1909f56bfc062723c751e8b465ee728b)
Start importing Assets/com.Snype.visualnovel/Samples/SampleUIController.cs using Guid(dbb9a33ac90d1ef4989e88601c97b962) Importer(815301076,1909f56bfc062723c751e8b465ee728b) (PreviewImporter) -> (artifact id: 'db8aaa41bff78201a0c9c8aad8771f00') in 0.0076391 seconds
Number of updated asset objects reloaded before import = 0Number of asset objects unloaded after import = 0

========================================================================
Received Prepare
Refreshing native plugins compatible for Editor in 8.11 ms, found 4 plugins.
Preloading 0 native plugins for Editor in 0.00 ms.
Unloading 14 Unused Serialized files (Serialized files now loaded: 0)
Unloading 6720 unused Assets / (4.7 MB). Loaded Objects now: 7645.
Memory consumption went from 146.6 MB to 141.9 MB.
Total: 28.702000 ms (FindLiveObjects: 2.101400 ms CreateObjectMapping: 1.969900 ms MarkObjects: 16.364100 ms  DeleteObjects: 8.264400 ms)

Prepare: number of updated asset objects reloaded= 0
========================================================================
Received Import Request.
  Time since last request: 0.996252 seconds.
  path: Assets/com.Snype.visualnovel/Samples/SampleUIController.cs
  artifactKey: Guid(dbb9a33ac90d1ef4989e88601c97b962) Importer(815301076,1909f56bfc062723c751e8b465ee728b)
Start importing Assets/com.Snype.visualnovel/Samples/SampleUIController.cs using Guid(dbb9a33ac90d1ef4989e88601c97b962) Importer(815301076,1909f56bfc062723c751e8b465ee728b) (PreviewImporter) -> (artifact id: 'c380118e669907dce82ba5d82fa82168') in 0.0076799 seconds
Number of updated asset objects reloaded before import = 0Number of asset objects unloaded after import = 0

========================================================================
Received Prepare
Refreshing native plugins compatible for Editor in 7.74 ms, found 4 plugins.
Preloading 0 native plugins for Editor in 0.00 ms.
Unloading 14 Unused Serialized files (Serialized files now loaded: 0)
Unloading 6720 unused Assets / (4.9 MB). Loaded Objects now: 7645.
Memory consumption went from 146.6 MB to 141.7 MB.
Total: 28.812300 ms (FindLiveObjects: 1.643000 ms CreateObjectMapping: 1.960700 ms MarkObjects: 17.152700 ms  DeleteObjects: 8.052800 ms)

Prepare: number of updated asset objects reloaded= 0
========================================================================
Received Import Request.
  Time since last request: 20.656935 seconds.
  path: Assets/com.Snype.visualnovel/Samples/SampleUIController.cs
  artifactKey: Guid(dbb9a33ac90d1ef4989e88601c97b962) Importer(815301076,1909f56bfc062723c751e8b465ee728b)
Start importing Assets/com.Snype.visualnovel/Samples/SampleUIController.cs using Guid(dbb9a33ac90d1ef4989e88601c97b962) Importer(815301076,1909f56bfc062723c751e8b465ee728b) (PreviewImporter) -> (artifact id: '1636844012673784cc84db3bd5ed1f32') in 0.0173506 seconds
Number of updated asset objects reloaded before import = 0Number of asset objects unloaded after import = 0

========================================================================
Received Prepare
Refreshing native plugins compatible for Editor in 12.50 ms, found 4 plugins.
Preloading 0 native plugins for Editor in 0.00 ms.
Unloading 14 Unused Serialized files (Serialized files now loaded: 0)
Unloading 6720 unused Assets / (4.4 MB). Loaded Objects now: 7645.
Memory consumption went from 146.6 MB to 142.1 MB.
Total: 24.677100 ms (FindLiveObjects: 1.787600 ms CreateObjectMapping: 1.859300 ms MarkObjects: 14.283800 ms  DeleteObjects: 6.743800 ms)

Prepare: number of updated asset objects reloaded= 0
========================================================================
Received Import Request.
  Time since last request: 11.744053 seconds.
  path: Assets/com.Snype.visualnovel/Samples/SampleUIController.cs
  artifactKey: Guid(dbb9a33ac90d1ef4989e88601c97b962) Importer(815301076,1909f56bfc062723c751e8b465ee728b)
Start importing Assets/com.Snype.visualnovel/Samples/SampleUIController.cs using Guid(dbb9a33ac90d1ef4989e88601c97b962) Importer(815301076,1909f56bfc062723c751e8b465ee728b) (PreviewImporter) -> (artifact id: 'c89a7838e6d5e72f32e391b708ba2fe6') in 0.0074927 seconds
Number of updated asset objects reloaded before import = 0Number of asset objects unloaded after import = 0

========================================================================
Received Prepare
Refreshing native plugins compatible for Editor in 9.54 ms, found 4 plugins.
Preloading 0 native plugins for Editor in 0.00 ms.
Unloading 14 Unused Serialized files (Serialized files now loaded: 0)
Unloading 6720 unused Assets / (4.0 MB). Loaded Objects now: 7645.
Memory consumption went from 146.6 MB to 142.6 MB.
Total: 23.708500 ms (FindLiveObjects: 2.087400 ms CreateObjectMapping: 1.693700 ms MarkObjects: 15.215100 ms  DeleteObjects: 4.709700 ms)

Prepare: number of updated asset objects reloaded= 0
========================================================================
Received Import Request.
  Time since last request: 19.545417 seconds.
  path: Assets/com.Snype.visualnovel/Samples/SampleUIController.cs
  artifactKey: Guid(dbb9a33ac90d1ef4989e88601c97b962) Importer(815301076,1909f56bfc062723c751e8b465ee728b)
Start importing Assets/com.Snype.visualnovel/Samples/SampleUIController.cs using Guid(dbb9a33ac90d1ef4989e88601c97b962) Importer(815301076,1909f56bfc062723c751e8b465ee728b) (PreviewImporter) -> (artifact id: '898fc45bd5bdf15f170b0edb21797b37') in 0.0088569 seconds
Number of updated asset objects reloaded before import = 0Number of asset objects unloaded after import = 0

========================================================================
Received Prepare
Refreshing native plugins compatible for Editor in 12.06 ms, found 4 plugins.
Preloading 0 native plugins for Editor in 0.00 ms.
Unloading 14 Unused Serialized files (Serialized files now loaded: 0)
Unloading 6720 unused Assets / (4.5 MB). Loaded Objects now: 7645.
Memory consumption went from 146.6 MB to 142.1 MB.
Total: 25.974000 ms (FindLiveObjects: 1.902400 ms CreateObjectMapping: 1.767900 ms MarkObjects: 15.510000 ms  DeleteObjects: 6.791000 ms)

Prepare: number of updated asset objects reloaded= 0
========================================================================
Received Import Request.
  Time since last request: 7.527659 seconds.
  path: Assets/com.Snype.visualnovel/Samples/SampleUIController.cs
  artifactKey: Guid(dbb9a33ac90d1ef4989e88601c97b962) Importer(815301076,1909f56bfc062723c751e8b465ee728b)
Start importing Assets/com.Snype.visualnovel/Samples/SampleUIController.cs using Guid(dbb9a33ac90d1ef4989e88601c97b962) Importer(815301076,1909f56bfc062723c751e8b465ee728b) (PreviewImporter) -> (artifact id: '13d6aaf2318298c7ce2e0438ea33fe1c') in 0.0105116 seconds
Number of updated asset objects reloaded before import = 0Number of asset objects unloaded after import = 0

========================================================================
Received Prepare
Refreshing native plugins compatible for Editor in 14.48 ms, found 4 plugins.
Preloading 0 native plugins for Editor in 0.00 ms.
Unloading 14 Unused Serialized files (Serialized files now loaded: 0)
Unloading 6720 unused Assets / (4.0 MB). Loaded Objects now: 7645.
Memory consumption went from 146.6 MB to 142.6 MB.
Total: 29.581000 ms (FindLiveObjects: 1.846700 ms CreateObjectMapping: 2.232500 ms MarkObjects: 20.130100 ms  DeleteObjects: 5.368100 ms)

Prepare: number of updated asset objects reloaded= 0
========================================================================
Received Import Request.
  Time since last request: 13.201373 seconds.
  path: Assets/com.Snype.visualnovel/Samples/SampleUIController.cs
  artifactKey: Guid(dbb9a33ac90d1ef4989e88601c97b962) Importer(2089858483,192608db42251d675da83286b1cce702)
Start importing Assets/com.Snype.visualnovel/Samples/SampleUIController.cs using Guid(dbb9a33ac90d1ef4989e88601c97b962) Importer(2089858483,192608db42251d675da83286b1cce702) (ScriptedImporter)
=================================================================
	Native Crash Reporting
=================================================================
Got a UNKNOWN while executing native code. This usually indicates
a fatal error in the mono runtime or one of the native libraries 
used by your application.
=================================================================

=================================================================
	Managed Stacktrace:
=================================================================
	  at <unknown> <0xffffffff>
	  at System.Reflection.RuntimePropertyInfo:internal_from_handle_type <0x0006c>
	  at System.Reflection.RuntimePropertyInfo:GetPropertyFromHandle <0x00042>
	  at System.RuntimeType:GetPropertiesByName <0x00172>
	  at System.RuntimeType:GetPropertyCandidates <0x000aa>
	  at System.RuntimeType:GetProperties <0x00052>
	  at System.Type:GetProperties <0x0001c>
	  at <>c:<GetMaterialReferenceLookup>b__2_0 <0x00022>
	  at WhereEnumerableIterator`1:MoveNext <0x000ea>
	  at UnityEditor.Rendering.Universal.MaterialReferenceBuilder:GetMaterialReferenceLookup <0x00478>
	  at UnityEditor.Rendering.Universal.MaterialReferenceBuilder:.cctor <0x00032>
	  at System.Object:runtime_invoke_void <0x00084>
	  at <unknown> <0xffffffff>
	  at System.Object:__icall_wrapper_mono_generic_class_init <0x0006a>
	  at UnityEditor.Rendering.Universal.ConversionIndexers:ConversionIndexer <0x0006a>
	  at <Module>:invoke_void_CustomObjectIndexerTarget_ObjectIndexer <0x00113>
	  at UnityEditor.Search.ObjectIndexer:CallCustomIndexers <0x004c9>
	  at UnityEditor.Search.ObjectIndexer:IndexCustomProperties <0x00132>
	  at UnityEditor.Search.AssetIndexer:IndexProperties <0x0041a>
	  at UnityEditor.Search.AssetIndexer:IndexDocument <0x00e3a>
	  at UnityEditor.Search.SearchIndexEntryImporter:OnImportAsset <0x00163>
	  at UnityEditor.AssetImporters.ScriptedImporter:GenerateAssetData <0x00018>
	  at <Module>:runtime_invoke_void__this___object <0x00092>
=================================================================
 -> (artifact id: '231b52014ce7bca6c9304b0bb92a89f0') in 1.4029092 seconds
Number of updated asset objects reloaded before import = 0Number of asset objects unloaded after import = 0

========================================================================
Received Prepare
Refreshing native plugins compatible for Editor in 8.48 ms, found 4 plugins.
Preloading 0 native plugins for Editor in 0.00 ms.
Unloading 14 Unused Serialized files (Serialized files now loaded: 0)
Unloading 6720 unused Assets / (4.0 MB). Loaded Objects now: 7645.
Memory consumption went from 146.1 MB to 142.1 MB.
Total: 26.055400 ms (FindLiveObjects: 1.600300 ms CreateObjectMapping: 1.718400 ms MarkObjects: 17.196000 ms  DeleteObjects: 5.537200 ms)

Prepare: number of updated asset objects reloaded= 0
========================================================================
Received Import Request.
  Time since last request: 19.751307 seconds.
  path: Assets/com.Snype.visualnovel/Samples/SampleUIController.cs
  artifactKey: Guid(dbb9a33ac90d1ef4989e88601c97b962) Importer(815301076,1909f56bfc062723c751e8b465ee728b)
Start importing Assets/com.Snype.visualnovel/Samples/SampleUIController.cs using Guid(dbb9a33ac90d1ef4989e88601c97b962) Importer(815301076,1909f56bfc062723c751e8b465ee728b) (PreviewImporter) -> (artifact id: 'e852ded25493078288a9746e41ef4eba') in 0.0082926 seconds
Number of updated asset objects reloaded before import = 0Number of asset objects unloaded after import = 0

========================================================================
Received Prepare
Begin MonoManager ReloadAssembly
[Licensing::Client] Successfully resolved entitlement details
[Licensing::Module] License group:
  Id: F4-N7UG-VMJU-KGPT-C96V-XXXX
  Product: Unity Personal
  Type: ULF
  Expiration: 2026-02-23T12:02:45Z
[Licensing::Module] License group:
  Id: 18966744946345-UnityPersXXXX
  Product: Unity Personal
  Type: Assigned
  Expiration: Unlimited
- Loaded All Assemblies, in  1.895 seconds
Refreshing native plugins compatible for Editor in 2.92 ms, found 4 plugins.
Native extension for Android target not found
Native extension for UWP target not found
Native extension for WindowsStandalone target not found
Native extension for WebGL target not found
[Package Manager] Failed to launch server process. Reason: Unity was launched with the -noUpm command-line argument
[Package Manager] Unable to send message (not connected to server process).
[Package Manager] Cannot connect to Unity Package Manager local server
Mono: successfully reloaded assembly
- Finished resetting the current domain, in  1.046 seconds
Domain Reload Profiling: 2944ms
	BeginReloadAssembly (808ms)
		ExecutionOrderSort (0ms)
		DisableScriptedObjects (138ms)
		BackupInstance (0ms)
		ReleaseScriptingObjects (1ms)
		CreateAndSetChildDomain (310ms)
	RebuildCommonClasses (43ms)
	RebuildNativeTypeToScriptingClass (15ms)
	initialDomainReloadingComplete (39ms)
	LoadAllAssembliesAndSetupDomain (993ms)
		LoadAssemblies (834ms)
		RebuildTransferFunctionScriptingTraits (0ms)
		AnalyzeDomain (373ms)
			TypeCache.Refresh (31ms)
				TypeCache.ScanAssembly (1ms)
			BuildScriptInfoCaches (308ms)
			ResolveRequiredComponents (20ms)
	FinalizeReload (1047ms)
		ReleaseScriptCaches (0ms)
		RebuildScriptCaches (0ms)
		SetupLoadedEditorAssemblies (802ms)
			LogAssemblyErrors (0ms)
			InitializePlatformSupportModulesInManaged (18ms)
			SetLoadedEditorAssemblies (8ms)
			BeforeProcessingInitializeOnLoad (180ms)
			ProcessInitializeOnLoadAttributes (504ms)
			ProcessInitializeOnLoadMethodAttributes (86ms)
			AfterProcessingInitializeOnLoad (5ms)
			EditorAssembliesLoaded (1ms)
		ExecutionOrderSort2 (0ms)
		AwakeInstancesAfterBackupRestoration (19ms)
Refreshing native plugins compatible for Editor in 2.55 ms, found 4 plugins.
Preloading 0 native plugins for Editor in 0.00 ms.
Unloading 14 Unused Serialized files (Serialized files now loaded: 0)
Unloading 6731 unused Assets / (4.6 MB). Loaded Objects now: 7544.
Memory consumption went from 148.6 MB to 143.9 MB.
Total: 10.317000 ms (FindLiveObjects: 0.714300 ms CreateObjectMapping: 0.708000 ms MarkObjects: 6.168900 ms  DeleteObjects: 2.723400 ms)

Prepare: number of updated asset objects reloaded= 0
========================================================================
Received Import Request.
  Time since last request: 14.944525 seconds.
  path: Assets/com.Snype.visualnovel/Samples/SampleUIController.cs
  artifactKey: Guid(dbb9a33ac90d1ef4989e88601c97b962) Importer(815301076,1909f56bfc062723c751e8b465ee728b)
Start importing Assets/com.Snype.visualnovel/Samples/SampleUIController.cs using Guid(dbb9a33ac90d1ef4989e88601c97b962) Importer(815301076,1909f56bfc062723c751e8b465ee728b) (PreviewImporter) -> (artifact id: 'a64665d12f7d820bba7986dc80132c14') in 0.0089435 seconds
Number of updated asset objects reloaded before import = 0Number of asset objects unloaded after import = 0

========================================================================
Received Prepare
Refreshing native plugins compatible for Editor in 5.53 ms, found 4 plugins.
Preloading 0 native plugins for Editor in 0.00 ms.
Unloading 14 Unused Serialized files (Serialized files now loaded: 0)
Unloading 6720 unused Assets / (5.6 MB). Loaded Objects now: 7544.
Memory consumption went from 148.6 MB to 143.0 MB.
Total: 20.898500 ms (FindLiveObjects: 1.617100 ms CreateObjectMapping: 1.365000 ms MarkObjects: 11.894300 ms  DeleteObjects: 6.019000 ms)

Prepare: number of updated asset objects reloaded= 0
========================================================================
Received Prepare
Refreshing native plugins compatible for Editor in 5.51 ms, found 4 plugins.
Preloading 0 native plugins for Editor in 0.00 ms.
Unloading 14 Unused Serialized files (Serialized files now loaded: 0)
Unloading 6720 unused Assets / (4.6 MB). Loaded Objects now: 7544.
Memory consumption went from 148.6 MB to 144.0 MB.
Total: 35.005700 ms (FindLiveObjects: 1.317500 ms CreateObjectMapping: 1.275400 ms MarkObjects: 8.343000 ms  DeleteObjects: 24.066900 ms)

Prepare: number of updated asset objects reloaded= 0
========================================================================
Received Prepare
Begin MonoManager ReloadAssembly
[Licensing::Client] Successfully resolved entitlement details
[Licensing::Module] License group:
  Id: F4-N7UG-VMJU-KGPT-C96V-XXXX
  Product: Unity Personal
  Type: ULF
  Expiration: 2026-02-23T12:02:45Z
[Licensing::Module] License group:
  Id: 18966744946345-UnityPersXXXX
  Product: Unity Personal
  Type: Assigned
  Expiration: Unlimited
- Loaded All Assemblies, in  0.939 seconds
Refreshing native plugins compatible for Editor in 1.93 ms, found 4 plugins.
Native extension for Android target not found
Native extension for UWP target not found
Native extension for WindowsStandalone target not found
Native extension for WebGL target not found
[Package Manager] Failed to launch server process. Reason: Unity was launched with the -noUpm command-line argument
[Package Manager] Unable to send message (not connected to server process).
[Package Manager] Cannot connect to Unity Package Manager local server
Mono: successfully reloaded assembly
- Finished resetting the current domain, in  0.832 seconds
Domain Reload Profiling: 1772ms
	BeginReloadAssembly (277ms)
		ExecutionOrderSort (0ms)
		DisableScriptedObjects (20ms)
		BackupInstance (0ms)
		ReleaseScriptingObjects (0ms)
		CreateAndSetChildDomain (61ms)
	RebuildCommonClasses (40ms)
	RebuildNativeTypeToScriptingClass (14ms)
	initialDomainReloadingComplete (32ms)
	LoadAllAssembliesAndSetupDomain (577ms)
		LoadAssemblies (457ms)
		RebuildTransferFunctionScriptingTraits (0ms)
		AnalyzeDomain (243ms)
			TypeCache.Refresh (12ms)
				TypeCache.ScanAssembly (1ms)
			BuildScriptInfoCaches (212ms)
			ResolveRequiredComponents (13ms)
	FinalizeReload (833ms)
		ReleaseScriptCaches (0ms)
		RebuildScriptCaches (0ms)
		SetupLoadedEditorAssemblies (650ms)
			LogAssemblyErrors (0ms)
			InitializePlatformSupportModulesInManaged (14ms)
			SetLoadedEditorAssemblies (7ms)
			BeforeProcessingInitializeOnLoad (148ms)
			ProcessInitializeOnLoadAttributes (410ms)
			ProcessInitializeOnLoadMethodAttributes (66ms)
			AfterProcessingInitializeOnLoad (5ms)
			EditorAssembliesLoaded (0ms)
		ExecutionOrderSort2 (0ms)
		AwakeInstancesAfterBackupRestoration (16ms)
Refreshing native plugins compatible for Editor in 2.06 ms, found 4 plugins.
Preloading 0 native plugins for Editor in 0.00 ms.
Unloading 14 Unused Serialized files (Serialized files now loaded: 0)
Unloading 6731 unused Assets / (5.0 MB). Loaded Objects now: 7546.
Memory consumption went from 148.5 MB to 143.4 MB.
Total: 9.010000 ms (FindLiveObjects: 0.755600 ms CreateObjectMapping: 0.650300 ms MarkObjects: 5.021800 ms  DeleteObjects: 2.580500 ms)

Prepare: number of updated asset objects reloaded= 0
========================================================================
Received Prepare
Refreshing native plugins compatible for Editor in 6.39 ms, found 4 plugins.
Preloading 0 native plugins for Editor in 0.00 ms.
Unloading 14 Unused Serialized files (Serialized files now loaded: 0)
Unloading 6720 unused Assets / (5.2 MB). Loaded Objects now: 7546.
Memory consumption went from 148.6 MB to 143.5 MB.
Total: 17.912600 ms (FindLiveObjects: 1.503900 ms CreateObjectMapping: 1.321800 ms MarkObjects: 10.150400 ms  DeleteObjects: 4.933600 ms)

Prepare: number of updated asset objects reloaded= 0
========================================================================
Received Prepare
Refreshing native plugins compatible for Editor in 12.31 ms, found 4 plugins.
Preloading 0 native plugins for Editor in 0.00 ms.
Unloading 14 Unused Serialized files (Serialized files now loaded: 0)
Unloading 6720 unused Assets / (4.1 MB). Loaded Objects now: 7546.
Memory consumption went from 148.6 MB to 144.6 MB.
Total: 18.869600 ms (FindLiveObjects: 1.485300 ms CreateObjectMapping: 1.378700 ms MarkObjects: 11.101700 ms  DeleteObjects: 4.901400 ms)

Prepare: number of updated asset objects reloaded= 0
========================================================================
Received Prepare
Refreshing native plugins compatible for Editor in 6.00 ms, found 4 plugins.
Preloading 0 native plugins for Editor in 0.00 ms.
Unloading 14 Unused Serialized files (Serialized files now loaded: 0)
Unloading 6720 unused Assets / (4.5 MB). Loaded Objects now: 7546.
Memory consumption went from 148.6 MB to 144.1 MB.
Total: 16.816000 ms (FindLiveObjects: 1.544600 ms CreateObjectMapping: 1.220200 ms MarkObjects: 9.891200 ms  DeleteObjects: 4.157800 ms)

Prepare: number of updated asset objects reloaded= 0
========================================================================
Received Prepare
Refreshing native plugins compatible for Editor in 6.54 ms, found 4 plugins.
Preloading 0 native plugins for Editor in 0.00 ms.
Unloading 14 Unused Serialized files (Serialized files now loaded: 0)
Unloading 6720 unused Assets / (5.1 MB). Loaded Objects now: 7546.
Memory consumption went from 148.6 MB to 143.5 MB.
Total: 16.890900 ms (FindLiveObjects: 1.491400 ms CreateObjectMapping: 1.339000 ms MarkObjects: 9.463900 ms  DeleteObjects: 4.594100 ms)

Prepare: number of updated asset objects reloaded= 0
========================================================================
Received Prepare
Begin MonoManager ReloadAssembly
[Licensing::Client] Successfully resolved entitlement details
[Licensing::Module] License group:
  Id: F4-N7UG-VMJU-KGPT-C96V-XXXX
  Product: Unity Personal
  Type: ULF
  Expiration: 2026-02-23T12:02:45Z
[Licensing::Module] License group:
  Id: 18966744946345-UnityPersXXXX
  Product: Unity Personal
  Type: Assigned
  Expiration: Unlimited
- Loaded All Assemblies, in  0.882 seconds
Refreshing native plugins compatible for Editor in 1.96 ms, found 4 plugins.
Native extension for Android target not found
Native extension for UWP target not found
Native extension for WindowsStandalone target not found
Native extension for WebGL target not found
[Package Manager] Failed to launch server process. Reason: Unity was launched with the -noUpm command-line argument
[Package Manager] Unable to send message (not connected to server process).
[Package Manager] Cannot connect to Unity Package Manager local server
Mono: successfully reloaded assembly
- Finished resetting the current domain, in  0.806 seconds
Domain Reload Profiling: 1690ms
	BeginReloadAssembly (254ms)
		ExecutionOrderSort (0ms)
		DisableScriptedObjects (21ms)
		BackupInstance (0ms)
		ReleaseScriptingObjects (0ms)
		CreateAndSetChildDomain (53ms)
	RebuildCommonClasses (38ms)
	RebuildNativeTypeToScriptingClass (14ms)
	initialDomainReloadingComplete (32ms)
	LoadAllAssembliesAndSetupDomain (546ms)
		LoadAssemblies (412ms)
		RebuildTransferFunctionScriptingTraits (0ms)
		AnalyzeDomain (241ms)
			TypeCache.Refresh (12ms)
				TypeCache.ScanAssembly (1ms)
			BuildScriptInfoCaches (210ms)
			ResolveRequiredComponents (14ms)
	FinalizeReload (806ms)
		ReleaseScriptCaches (0ms)
		RebuildScriptCaches (0ms)
		SetupLoadedEditorAssemblies (627ms)
			LogAssemblyErrors (0ms)
			InitializePlatformSupportModulesInManaged (13ms)
			SetLoadedEditorAssemblies (7ms)
			BeforeProcessingInitializeOnLoad (160ms)
			ProcessInitializeOnLoadAttributes (373ms)
			ProcessInitializeOnLoadMethodAttributes (69ms)
			AfterProcessingInitializeOnLoad (5ms)
			EditorAssembliesLoaded (0ms)
		ExecutionOrderSort2 (0ms)
		AwakeInstancesAfterBackupRestoration (16ms)
Refreshing native plugins compatible for Editor in 2.27 ms, found 4 plugins.
Preloading 0 native plugins for Editor in 0.00 ms.
Unloading 14 Unused Serialized files (Serialized files now loaded: 0)
Unloading 6731 unused Assets / (5.3 MB). Loaded Objects now: 7548.
Memory consumption went from 148.5 MB to 143.3 MB.
Total: 10.782200 ms (FindLiveObjects: 0.693300 ms CreateObjectMapping: 0.722500 ms MarkObjects: 6.395500 ms  DeleteObjects: 2.968300 ms)

Prepare: number of updated asset objects reloaded= 0
========================================================================
Received Import Request.
  Time since last request: 299.132354 seconds.
  path: Assets/com.Snype.visualnovel/Samples/Scenes/SampleScene.unity
  artifactKey: Guid(8c9cfa26abfee488c85f1582747f6a02) Importer(2089858483,192608db42251d675da83286b1cce702)
Start importing Assets/com.Snype.visualnovel/Samples/Scenes/SampleScene.unity using Guid(8c9cfa26abfee488c85f1582747f6a02) Importer(2089858483,192608db42251d675da83286b1cce702) (ScriptedImporter) -> (artifact id: 'ab18f7f597ac3398631c2f67c7c0c4e3') in 0.2770795 seconds
Number of updated asset objects reloaded before import = 0Number of asset objects unloaded after import = 1

========================================================================
Received Import Request.
  Time since last request: 0.000035 seconds.
  path: Assets/com.Snype.visualnovel/Runtime/DialogueSystem/DialogueSystem.cs
  artifactKey: Guid(75663dc0fdcbef4458e0677e01b646de) Importer(2089858483,192608db42251d675da83286b1cce702)
Start importing Assets/com.Snype.visualnovel/Runtime/DialogueSystem/DialogueSystem.cs using Guid(75663dc0fdcbef4458e0677e01b646de) Importer(2089858483,192608db42251d675da83286b1cce702) (ScriptedImporter) -> (artifact id: '5005fb2ebf7cdc5a9423136ba98393dd') in 0.0635454 seconds
Number of updated asset objects reloaded before import = 0Number of asset objects unloaded after import = 0

========================================================================
Received Import Request.
  Time since last request: 78.283647 seconds.
  path: Assets/com.Snype.visualnovel/Resources/Samples/SampleDialogueFile_Mira.txt
  artifactKey: Guid(3cc80bbfe7dce6c4c9905be1c5592406) Importer(2089858483,192608db42251d675da83286b1cce702)
Start importing Assets/com.Snype.visualnovel/Resources/Samples/SampleDialogueFile_Mira.txt using Guid(3cc80bbfe7dce6c4c9905be1c5592406) Importer(2089858483,192608db42251d675da83286b1cce702) (ScriptedImporter) -> (artifact id: '2f3c05c41bddc9d5e01832d6123dceba') in 0.058216 seconds
Number of updated asset objects reloaded before import = 0Number of asset objects unloaded after import = 1

========================================================================
Received Import Request.
  Time since last request: 246.575042 seconds.
  path: Assets/com.Snype.visualnovel/Resources/Samples/SampleDialogueFile_Mira.txt
  artifactKey: Guid(3cc80bbfe7dce6c4c9905be1c5592406) Importer(2089858483,192608db42251d675da83286b1cce702)
Start importing Assets/com.Snype.visualnovel/Resources/Samples/SampleDialogueFile_Mira.txt using Guid(3cc80bbfe7dce6c4c9905be1c5592406) Importer(2089858483,192608db42251d675da83286b1cce702) (ScriptedImporter) -> (artifact id: 'dd86a2006305c826622a6e10039e18e7') in 0.0639078 seconds
Number of updated asset objects reloaded before import = 0Number of asset objects unloaded after import = 1

========================================================================
Received Import Request.
  Time since last request: 122.914360 seconds.
  path: Assets/TextMesh Pro/Shaders/TMPro_Mobile.cginc
  artifactKey: Guid(c334973cef89a9840b0b0c507e0377ab) Importer(815301076,1909f56bfc062723c751e8b465ee728b)
Start importing Assets/TextMesh Pro/Shaders/TMPro_Mobile.cginc using Guid(c334973cef89a9840b0b0c507e0377ab) Importer(815301076,1909f56bfc062723c751e8b465ee728b) (PreviewImporter) -> (artifact id: 'ca807b0a2bf1dcef858805d755781f6e') in 0.0311898 seconds
Number of updated asset objects reloaded before import = 0Number of asset objects unloaded after import = 1

========================================================================
Received Import Request.
  Time since last request: 0.000023 seconds.
  path: Assets/TextMesh Pro/Shaders/TMPro_Surface.cginc
  artifactKey: Guid(d930090c0cd643c7b55f19a38538c162) Importer(815301076,1909f56bfc062723c751e8b465ee728b)
Start importing Assets/TextMesh Pro/Shaders/TMPro_Surface.cginc using Guid(d930090c0cd643c7b55f19a38538c162) Importer(815301076,1909f56bfc062723c751e8b465ee728b) (PreviewImporter) -> (artifact id: 'e56f4f221cbefc0e24d341d4075d6fe5') in 0.0021666 seconds
Number of updated asset objects reloaded before import = 0Number of asset objects unloaded after import = 1

========================================================================
Received Import Request.
  Time since last request: 1815.719462 seconds.
  path: Assets/com.Snype.visualnovel/Samples/UI-Assets/Golden_Plains.png
  artifactKey: Guid(c7b4e875271d2394795a1c728b276a8a) Importer(2089858483,192608db42251d675da83286b1cce702)
Start importing Assets/com.Snype.visualnovel/Samples/UI-Assets/Golden_Plains.png using Guid(c7b4e875271d2394795a1c728b276a8a) Importer(2089858483,192608db42251d675da83286b1cce702) (ScriptedImporter) -> (artifact id: '3e1ed9990f6ae8de3dede9781c84e054') in 0.617638 seconds
Number of updated asset objects reloaded before import = 0Number of asset objects unloaded after import = 3

========================================================================
Received Import Request.
  Time since last request: 0.005063 seconds.
  path: Assets/com.Snype.visualnovel/Samples/UI-Assets/Tavern_Night.png
  artifactKey: Guid(70e6e32da974eb7449598ba89f6d357a) Importer(815301076,1909f56bfc062723c751e8b465ee728b)
Start importing Assets/com.Snype.visualnovel/Samples/UI-Assets/Tavern_Night.png using Guid(70e6e32da974eb7449598ba89f6d357a) Importer(815301076,1909f56bfc062723c751e8b465ee728b) (PreviewImporter) -> (artifact id: 'cb8f97ac5b1cb181b92a3ecc395e1f9d') in 0.247155 seconds
Number of updated asset objects reloaded before import = 0Number of asset objects unloaded after import = 3

========================================================================
Received Import Request.
  Time since last request: 0.495654 seconds.
  path: Assets/com.Snype.visualnovel/Samples/UI-Assets/Foggy_Forest.png
  artifactKey: Guid(7baf5f155aea6cf4e84173cf54317ad6) Importer(815301076,1909f56bfc062723c751e8b465ee728b)
Start importing Assets/com.Snype.visualnovel/Samples/UI-Assets/Foggy_Forest.png using Guid(7baf5f155aea6cf4e84173cf54317ad6) Importer(815301076,1909f56bfc062723c751e8b465ee728b) (PreviewImporter) -> (artifact id: '93a5e74ea04a2fe78d10dc76c77b1f0c') in 0.0407333 seconds
Number of updated asset objects reloaded before import = 0Number of asset objects unloaded after import = 3

Editor requested this worker to shutdown with reason: Scaling down because of idle timeout
AssetImportWorker is now disconnected from the server
Process exiting
Exiting without the bug reporter. Application will terminate with return code 0